<?xml version="1.0" encoding="UTF-8"?>
<!-- Generated by org.testng.reporters.JUnitReportReporter -->
<testsuite skipped="0" hostname="MYDear-PC" name="com.clusters.test.regression.TestNGClass1" tests="1" failures="0" timestamp="18 Mar 2018 05:35:46 GMT" time="0.007" errors="0">
  <testcase name="test12" time="0.007" classname="com.clusters.test.regression.TestNGClass1"/>
</testsuite> <!-- com.clusters.test.regression.TestNGClass1 -->
